<?xml version="1.0" encoding="UTF-8"?>
<!-- Generated by org.testng.reporters.JUnitReportReporter -->
<testsuite hostname="Putao-Roubang23" failures="0" tests="1" name="AppiumTest.Appium.eCommerce_tc_3" time="32.628" errors="0" timestamp="2023-03-24T04:56:46 EDT" skipped="0">
  <testcase classname="AppiumTest.Appium.eCommerce_tc_3" name="FillForm" time="32.628"/>
  <system-out/>
</testsuite> <!-- AppiumTest.Appium.eCommerce_tc_3 -->
