<?xml version="1.0" encoding="UTF-8"?>
<!-- Generated by org.testng.reporters.JUnitReportReporter -->
<testsuite hostname="Putao-Roubang23" failures="0" tests="1" name="AppiumTest.Appium.ScrollDemo" time="34.579" errors="0" timestamp="2023-03-23T14:42:49 EDT" skipped="0">
  <testcase classname="AppiumTest.Appium.ScrollDemo" name="ScrollDemoTest" time="34.579"/>
  <system-out/>
</testsuite> <!-- AppiumTest.Appium.ScrollDemo -->
