<?xml version="1.0" encoding="UTF-8"?>
<!-- Generated by org.testng.reporters.JUnitReportReporter -->
<testsuite hostname="Putao-Roubang23" failures="0" tests="1" name="AppiumTest.Appium.DragDropDemo" time="6.903" errors="0" timestamp="2023-03-23T18:04:00 EDT" skipped="0">
  <testcase classname="AppiumTest.Appium.DragDropDemo" name="DragDropTest" time="6.903"/>
  <system-out/>
</testsuite> <!-- AppiumTest.Appium.DragDropDemo -->
