<?xml version="1.0" encoding="UTF-8"?>
<!-- Generated by org.testng.reporters.JUnitReportReporter -->
<testsuite hostname="Putao-Roubang23" failures="0" tests="1" name="AppiumTest.Appium.SwipeDemo" time="6.140" errors="0" timestamp="2023-03-23T17:50:22 EDT" skipped="0">
  <testcase classname="AppiumTest.Appium.SwipeDemo" name="SwipeDemoTest" time="6.140"/>
  <system-out/>
</testsuite> <!-- AppiumTest.Appium.SwipeDemo -->
