<?xml version="1.0" encoding="UTF-8"?>
<!-- Generated by org.testng.reporters.JUnitReportReporter -->
<testsuite hostname="Putao-Roubang23" failures="0" tests="1" name="AppiumTest.Appium.AppiumBasics" time="6.519" errors="0" timestamp="2023-03-23T13:47:17 EDT" skipped="0">
  <testcase classname="AppiumTest.Appium.AppiumBasics" name="WifiSettingsName" time="6.519"/>
  <system-out/>
</testsuite> <!-- AppiumTest.Appium.AppiumBasics -->
