<?xml version="1.0" encoding="UTF-8"?>
<!-- Generated by org.testng.reporters.JUnitReportReporter -->
<testsuite hostname="Putao-Roubang23" failures="0" tests="1" name="AppiumTest.Appium.LongPress" time="9.105" errors="0" timestamp="2023-03-23T13:58:28 EDT" skipped="0">
  <testcase classname="AppiumTest.Appium.LongPress" name="LongPressGesture" time="9.105"/>
  <system-out/>
</testsuite> <!-- AppiumTest.Appium.LongPress -->
