<?xml version="1.0" encoding="UTF-8"?>
<!-- Generated by org.testng.reporters.JUnitReportReporter -->
<testsuite hostname="Putao-Roubang23" failures="0" tests="1" name="AppiumTest.Appium.MiscAppiumActions" time="9.774" errors="0" timestamp="2023-03-23T19:45:48 EDT" skipped="0">
  <testcase classname="AppiumTest.Appium.MiscAppiumActions" name="Misc" time="9.774"/>
  <system-out/>
</testsuite> <!-- AppiumTest.Appium.MiscAppiumActions -->
