<?xml version="1.0" encoding="UTF-8"?>
<!-- Generated by org.testng.reporters.JUnitReportReporter -->
<testsuite hostname="Putao-Roubang23" failures="0" tests="1" name="AppiumTest.Appium.MobileBrowserTest" time="2.206" errors="0" timestamp="2023-03-24T05:21:43 EDT" skipped="0">
  <testcase classname="AppiumTest.Appium.MobileBrowserTest" name="browserTest" time="2.206"/>
  <system-out/>
</testsuite> <!-- AppiumTest.Appium.MobileBrowserTest -->
