<?xml version="1.0" encoding="UTF-8"?>
<!-- Generated by org.testng.reporters.JUnitReportReporter -->
<testsuite hostname="Putao-Roubang23" failures="0" tests="1" name="AppiumTest.Appium.eCommerce_tc_1" time="18.632" errors="0" timestamp="2023-03-24T01:58:06 EDT" skipped="0">
  <testcase classname="AppiumTest.Appium.eCommerce_tc_1" name="FillForm" time="18.632"/>
  <system-out/>
</testsuite> <!-- AppiumTest.Appium.eCommerce_tc_1 -->
